<?xml version='1.0' encoding='UTF-8'?>
<testsuite hostname="soc" name="gcd.GCDSpec" tests="1" errors="0" failures="0" skipped="0" time="2.789" timestamp="2023-08-10T08:40:58">
          <properties>
[...]
</properties>
          <testcase classname="gcd.GCDSpec" name="Gcd should calculate proper greatest common denominator" time="2.789">
                      
                    </testcase>
          <system-out><![CDATA[]]></system-out>
          <system-err><![CDATA[]]></system-err>
        </testsuite>